[0m14:54:34.939860 [debug] [MainThread]: Sending event: {'category': 'dbt', 'action': 'invocation', 'label': 'start', 'context': [<snowplow_tracker.self_describing_json.SelfDescribingJson object at 0x111b8bd50>, <snowplow_tracker.self_describing_json.SelfDescribingJson object at 0x111b8af50>, <snowplow_tracker.self_describing_json.SelfDescribingJson object at 0x111b7b550>]}


============================== 14:54:34.947096 | ea5719c6-63c9-46a5-8070-b29d992fb19a ==============================
[0m14:54:34.947096 [info ] [MainThread]: Running with dbt=1.6.0-b3
[0m14:54:34.947435 [debug] [MainThread]: running dbt with arguments {'printer_width': '80', 'indirect_selection': 'eager', 'write_json': 'True', 'log_cache_events': 'False', 'partial_parse': 'True', 'cache_selected_only': 'False', 'profiles_dir': '/Users/jose/.dbt', 'version_check': 'True', 'debug': 'False', 'log_path': 'logs', 'fail_fast': 'False', 'warn_error': 'None', 'use_colors': 'True', 'use_experimental_parser': 'False', 'no_print': 'None', 'quiet': 'False', 'log_format': 'default', 'introspect': 'True', 'static_parser': 'True', 'warn_error_options': 'WarnErrorOptions(include=[], exclude=[])', 'target_path': 'None', 'send_anonymous_usage_stats': 'True'}
[0m14:54:34.948337 [debug] [MainThread]: Starter project path: /Library/Frameworks/Python.framework/Versions/3.11/lib/python3.11/site-packages/dbt/include/starter_project
[0m14:54:34.988924 [info ] [MainThread]: 
Your new dbt project "temp" was created!

For more information on how to configure the profiles.yml file,
please consult the dbt documentation here:

  https://docs.getdbt.com/docs/configure-your-profile

One more thing:

Need help? Don't hesitate to reach out to us via GitHub issues or on Slack:

  https://community.getdbt.com/

Happy modeling!

[0m14:54:34.989306 [info ] [MainThread]: Setting up your profile.
[0m14:54:59.928577 [debug] [MainThread]: Command `dbt init` succeeded at 14:54:59.926494 after 25.06 seconds
[0m14:54:59.931487 [debug] [MainThread]: Sending event: {'category': 'dbt', 'action': 'invocation', 'label': 'end', 'context': [<snowplow_tracker.self_describing_json.SelfDescribingJson object at 0x111c32610>, <snowplow_tracker.self_describing_json.SelfDescribingJson object at 0x105131b10>, <snowplow_tracker.self_describing_json.SelfDescribingJson object at 0x1051319d0>]}
[0m14:54:59.933677 [debug] [MainThread]: Flushing usage events
[0m14:59:14.134329 [debug] [MainThread]: Sending event: {'category': 'dbt', 'action': 'invocation', 'label': 'start', 'context': [<snowplow_tracker.self_describing_json.SelfDescribingJson object at 0x105992550>, <snowplow_tracker.self_describing_json.SelfDescribingJson object at 0x105d8f990>, <snowplow_tracker.self_describing_json.SelfDescribingJson object at 0x105d8d190>]}


============================== 14:59:14.138880 | b4f3dbfe-2e02-4710-8c09-51fd4a7a8407 ==============================
[0m14:59:14.138880 [info ] [MainThread]: Running with dbt=1.6.0-b3
[0m14:59:14.139268 [debug] [MainThread]: running dbt with arguments {'printer_width': '80', 'indirect_selection': 'eager', 'log_cache_events': 'False', 'write_json': 'True', 'partial_parse': 'True', 'cache_selected_only': 'False', 'profiles_dir': '/Users/jose/.dbt', 'version_check': 'True', 'fail_fast': 'False', 'log_path': '/Users/jose/Desktop/Test tracking/test-data-model-project/logs', 'warn_error': 'None', 'debug': 'False', 'use_colors': 'True', 'use_experimental_parser': 'False', 'no_print': 'None', 'quiet': 'False', 'log_format': 'default', 'static_parser': 'True', 'introspect': 'True', 'warn_error_options': 'WarnErrorOptions(include=[], exclude=[])', 'target_path': 'None', 'send_anonymous_usage_stats': 'True'}
[0m14:59:14.408734 [error] [MainThread]: Encountered an error:
Runtime Error
  Credentials in profile "temp", target "dev" invalid: ['dbname'] is not of type 'string'
[0m14:59:14.409318 [debug] [MainThread]: Command `dbt run` failed at 14:59:14.409236 after 0.31 seconds
[0m14:59:14.409537 [debug] [MainThread]: Sending event: {'category': 'dbt', 'action': 'invocation', 'label': 'end', 'context': [<snowplow_tracker.self_describing_json.SelfDescribingJson object at 0x105e24650>, <snowplow_tracker.self_describing_json.SelfDescribingJson object at 0x1059fa050>, <snowplow_tracker.self_describing_json.SelfDescribingJson object at 0x105998410>]}
[0m14:59:14.409770 [debug] [MainThread]: Flushing usage events
[0m15:02:40.414530 [debug] [MainThread]: Sending event: {'category': 'dbt', 'action': 'invocation', 'label': 'start', 'context': [<snowplow_tracker.self_describing_json.SelfDescribingJson object at 0x106a24810>, <snowplow_tracker.self_describing_json.SelfDescribingJson object at 0x1069b4d50>, <snowplow_tracker.self_describing_json.SelfDescribingJson object at 0x106c94c10>]}


============================== 15:02:40.419565 | bb210113-4398-4ca9-9c31-e39870be427f ==============================
[0m15:02:40.419565 [info ] [MainThread]: Running with dbt=1.6.0-b3
[0m15:02:40.419987 [debug] [MainThread]: running dbt with arguments {'printer_width': '80', 'indirect_selection': 'eager', 'log_cache_events': 'False', 'write_json': 'True', 'partial_parse': 'True', 'cache_selected_only': 'False', 'warn_error': 'None', 'version_check': 'True', 'profiles_dir': '/Users/jose/.dbt', 'log_path': '/Users/jose/Desktop/Test tracking/test-data-model-project/logs', 'debug': 'False', 'fail_fast': 'False', 'use_colors': 'True', 'use_experimental_parser': 'False', 'no_print': 'None', 'quiet': 'False', 'warn_error_options': 'WarnErrorOptions(include=[], exclude=[])', 'introspect': 'True', 'static_parser': 'True', 'log_format': 'default', 'target_path': 'None', 'send_anonymous_usage_stats': 'True'}
[0m15:02:40.429848 [debug] [MainThread]: Sending event: {'category': 'dbt', 'action': 'project_id', 'label': 'bb210113-4398-4ca9-9c31-e39870be427f', 'context': [<snowplow_tracker.self_describing_json.SelfDescribingJson object at 0x106ca0290>]}
[0m15:02:40.433873 [debug] [MainThread]: Set downloads directory='/var/folders/qn/lt18hxwx2rn_x38n9l2zsvn80000gn/T/dbt-downloads-ziqm4r1m'
[0m15:02:40.434169 [debug] [MainThread]: Making package index registry request: GET https://hub.getdbt.com/api/v1/index.json
[0m15:02:40.604136 [debug] [MainThread]: Response from registry index: GET https://hub.getdbt.com/api/v1/index.json 200
[0m15:02:40.605273 [debug] [MainThread]: Making package registry request: GET https://hub.getdbt.com/api/v1/snowplow/snowplow_unified.json
[0m15:02:40.703688 [debug] [MainThread]: Response from registry: GET https://hub.getdbt.com/api/v1/snowplow/snowplow_unified.json 200
[0m15:02:40.706267 [error] [MainThread]: Encountered an error:
Could not find a matching compatible version for package snowplow/snowplow_unified
  Requested range: >=0.5.5
  Compatible versions: []

  Not shown: package versions incompatible with installed version of dbt-core
  To include them, run 'dbt --no-version-check deps'
[0m15:02:40.706671 [debug] [MainThread]: Command `dbt deps` failed at 15:02:40.706601 after 0.34 seconds
[0m15:02:40.706861 [debug] [MainThread]: Sending event: {'category': 'dbt', 'action': 'invocation', 'label': 'end', 'context': [<snowplow_tracker.self_describing_json.SelfDescribingJson object at 0x106a19d10>, <snowplow_tracker.self_describing_json.SelfDescribingJson object at 0x106980ad0>, <snowplow_tracker.self_describing_json.SelfDescribingJson object at 0x1069b6410>]}
[0m15:02:40.707062 [debug] [MainThread]: Flushing usage events
[0m15:04:49.743727 [debug] [MainThread]: Sending event: {'category': 'dbt', 'action': 'invocation', 'label': 'start', 'context': [<snowplow_tracker.self_describing_json.SelfDescribingJson object at 0x10a2201d0>, <snowplow_tracker.self_describing_json.SelfDescribingJson object at 0x10a294590>, <snowplow_tracker.self_describing_json.SelfDescribingJson object at 0x10a294710>]}


============================== 15:04:49.748077 | 5b89fd12-84d2-45be-a6f8-2afbfc725a30 ==============================
[0m15:04:49.748077 [info ] [MainThread]: Running with dbt=1.6.0-b3
[0m15:04:49.748428 [debug] [MainThread]: running dbt with arguments {'printer_width': '80', 'indirect_selection': 'eager', 'log_cache_events': 'False', 'write_json': 'True', 'partial_parse': 'True', 'cache_selected_only': 'False', 'profiles_dir': '/Users/jose/.dbt', 'version_check': 'False', 'warn_error': 'None', 'log_path': '/Users/jose/Desktop/Test tracking/test-data-model-project/logs', 'fail_fast': 'False', 'debug': 'False', 'use_colors': 'True', 'use_experimental_parser': 'False', 'no_print': 'None', 'quiet': 'False', 'warn_error_options': 'WarnErrorOptions(include=[], exclude=[])', 'introspect': 'True', 'static_parser': 'True', 'log_format': 'default', 'target_path': 'None', 'send_anonymous_usage_stats': 'True'}
[0m15:04:49.757760 [debug] [MainThread]: Sending event: {'category': 'dbt', 'action': 'project_id', 'label': '5b89fd12-84d2-45be-a6f8-2afbfc725a30', 'context': [<snowplow_tracker.self_describing_json.SelfDescribingJson object at 0x109f95810>]}
[0m15:04:49.759629 [debug] [MainThread]: Set downloads directory='/var/folders/qn/lt18hxwx2rn_x38n9l2zsvn80000gn/T/dbt-downloads-skx1jv2e'
[0m15:04:49.760041 [debug] [MainThread]: Making package index registry request: GET https://hub.getdbt.com/api/v1/index.json
[0m15:04:49.935511 [debug] [MainThread]: Response from registry index: GET https://hub.getdbt.com/api/v1/index.json 200
[0m15:04:49.936449 [debug] [MainThread]: Making package registry request: GET https://hub.getdbt.com/api/v1/snowplow/snowplow_unified.json
[0m15:04:50.133849 [debug] [MainThread]: Response from registry: GET https://hub.getdbt.com/api/v1/snowplow/snowplow_unified.json 200
[0m15:04:50.136342 [debug] [MainThread]: Making package registry request: GET https://hub.getdbt.com/api/v1/snowplow/snowplow_utils.json
[0m15:04:50.415035 [debug] [MainThread]: Response from registry: GET https://hub.getdbt.com/api/v1/snowplow/snowplow_utils.json 200
[0m15:04:50.417844 [debug] [MainThread]: Making package registry request: GET https://hub.getdbt.com/api/v1/dbt-labs/dbt_utils.json
[0m15:04:50.518584 [debug] [MainThread]: Response from registry: GET https://hub.getdbt.com/api/v1/dbt-labs/dbt_utils.json 200
[0m15:04:50.525306 [info ] [MainThread]: Installing snowplow/snowplow_unified
[0m15:04:51.296538 [info ] [MainThread]: Installed from version 1.0.0
[0m15:04:51.296854 [info ] [MainThread]: Up to date!
[0m15:04:51.297066 [debug] [MainThread]: Sending event: {'category': 'dbt', 'action': 'package', 'label': '5b89fd12-84d2-45be-a6f8-2afbfc725a30', 'property_': 'install', 'context': [<snowplow_tracker.self_describing_json.SelfDescribingJson object at 0x10a6ad350>, <snowplow_tracker.self_describing_json.SelfDescribingJson object at 0x10a1f9110>]}
[0m15:04:51.297254 [info ] [MainThread]: Installing snowplow/snowplow_utils
[0m15:04:51.734474 [info ] [MainThread]: Installed from version 1.0.0
[0m15:04:51.734768 [info ] [MainThread]: Up to date!
[0m15:04:51.734965 [debug] [MainThread]: Sending event: {'category': 'dbt', 'action': 'package', 'label': '5b89fd12-84d2-45be-a6f8-2afbfc725a30', 'property_': 'install', 'context': [<snowplow_tracker.self_describing_json.SelfDescribingJson object at 0x10a53fd50>, <snowplow_tracker.self_describing_json.SelfDescribingJson object at 0x10a1f9610>]}
[0m15:04:51.735151 [info ] [MainThread]: Installing dbt-labs/dbt_utils
[0m15:04:52.121942 [info ] [MainThread]: Installed from version 1.3.3
[0m15:04:52.122226 [info ] [MainThread]: Up to date!
[0m15:04:52.122425 [debug] [MainThread]: Sending event: {'category': 'dbt', 'action': 'package', 'label': '5b89fd12-84d2-45be-a6f8-2afbfc725a30', 'property_': 'install', 'context': [<snowplow_tracker.self_describing_json.SelfDescribingJson object at 0x10a1f9110>, <snowplow_tracker.self_describing_json.SelfDescribingJson object at 0x10a214c50>]}
[0m15:04:52.125331 [debug] [MainThread]: Command `dbt deps` succeeded at 15:04:52.125202 after 2.41 seconds
[0m15:04:52.125689 [debug] [MainThread]: Sending event: {'category': 'dbt', 'action': 'invocation', 'label': 'end', 'context': [<snowplow_tracker.self_describing_json.SelfDescribingJson object at 0x102f1d8d0>, <snowplow_tracker.self_describing_json.SelfDescribingJson object at 0x103265190>, <snowplow_tracker.self_describing_json.SelfDescribingJson object at 0x10a6a3d90>]}
[0m15:04:52.125938 [debug] [MainThread]: Flushing usage events
